<?xml version="1.0" encoding="UTF-8"?>
<!-- Generated by org.testng.reporters.JUnitXMLReporter -->
<testsuite ignored="0" hostname="MS-LP-18" failures="1" tests="6" name="Test" time="56.072" errors="0" timestamp="2022-07-25T10:24:34 IST">
  <testcase classname="com.TestVagrant.Tests.wikiDataTest" name="validatewikiCountryNameTest" time="0.127"/>
  <testcase classname="com.TestVagrant.Tests.wikiDataTest" name="validatewikiReleaseDateTest" time="0.114"/>
  <testcase classname="com.TestVagrant.Tests.imdbDataTest" name="validateCountryNameTest" time="0.068"/>
  <testcase classname="com.TestVagrant.Tests.imdbDataTest" name="validateimdbReleaseDateTest" time="0.047"/>
  <testcase classname="com.TestVagrant.Tests.imdbDataTest" name="validate_imdb_wiki_country" time="0.002"/>
  <testcase classname="com.TestVagrant.Tests.imdbDataTest" name="validate_imdb_wiki_releasedate" time="0.002">
    <failure type="java.lang.AssertionError" message="both release dates are not matching expected [January 7, 2022 (United States)] but found [17 December 2021]">
      <![CDATA[java.lang.AssertionError: both release dates are not matching expected [January 7, 2022 (United States)] but found [17 December 2021]
at com.TestVagrant.Tests.imdbDataTest.validate_imdb_wiki_releasedate(imdbDataTest.java:59)
at java.base/java.util.ArrayList.forEach(ArrayList.java:1511)
... Removed 32 stack frames]]>
    </failure>
  </testcase> <!-- validate_imdb_wiki_releasedate -->
</testsuite> <!-- Test -->
